  pch.cpp
  Scene.cpp
d:\3.1\opengl\курсач\scene\scene\scene.cpp(55): warning C4305: инициализация: усечение из "double" в "GLfloat"
d:\3.1\opengl\курсач\scene\scene\scene.cpp(60): warning C4305: инициализация: усечение из "double" в "GLfloat"
d:\3.1\opengl\курсач\scene\scene\scene.cpp(61): warning C4305: инициализация: усечение из "double" в "GLfloat"
d:\3.1\opengl\курсач\scene\scene\scene.cpp(67): warning C4305: инициализация: усечение из "double" в "GLfloat"
d:\3.1\opengl\курсач\scene\scene\scene.cpp(68): warning C4305: инициализация: усечение из "double" в "GLfloat"
d:\3.1\opengl\курсач\scene\scene\scene.cpp(69): warning C4305: инициализация: усечение из "double" в "GLfloat"
d:\3.1\opengl\курсач\scene\scene\scene.cpp(70): warning C4305: инициализация: усечение из "double" в "GLfloat"
d:\3.1\opengl\курсач\scene\scene\scene.cpp(78): warning C4305: инициализация: усечение из "double" в "GLfloat"
d:\3.1\opengl\курсач\scene\scene\scene.cpp(80): warning C4305: инициализация: усечение из "double" в "GLfloat"
d:\3.1\opengl\курсач\scene\scene\scene.cpp(145): warning C4305: аргумент: усечение из "double" в "GLfloat"
d:\3.1\opengl\курсач\scene\scene\scene.cpp(161): warning C4305: аргумент: усечение из "double" в "GLfloat"
d:\3.1\opengl\курсач\scene\scene\scene.cpp(165): warning C4305: аргумент: усечение из "double" в "GLfloat"
d:\3.1\opengl\курсач\scene\scene\scene.cpp(179): warning C4305: аргумент: усечение из "double" в "GLfloat"
d:\3.1\opengl\курсач\scene\scene\scene.cpp(195): warning C4305: аргумент: усечение из "double" в "GLfloat"
d:\3.1\opengl\курсач\scene\scene\scene.cpp(209): warning C4305: аргумент: усечение из "double" в "GLfloat"
d:\3.1\opengl\курсач\scene\scene\scene.cpp(211): warning C4305: аргумент: усечение из "double" в "GLfloat"
d:\3.1\opengl\курсач\scene\scene\scene.cpp(213): warning C4305: аргумент: усечение из "double" в "GLfloat"
d:\3.1\opengl\курсач\scene\scene\scene.cpp(217): warning C4305: аргумент: усечение из "double" в "GLfloat"
d:\3.1\opengl\курсач\scene\scene\scene.cpp(219): warning C4305: аргумент: усечение из "double" в "GLfloat"
d:\3.1\opengl\курсач\scene\scene\scene.cpp(221): warning C4305: аргумент: усечение из "double" в "GLfloat"
d:\3.1\opengl\курсач\scene\scene\scene.cpp(225): warning C4305: аргумент: усечение из "double" в "GLfloat"
d:\3.1\opengl\курсач\scene\scene\scene.cpp(227): warning C4305: аргумент: усечение из "double" в "GLfloat"
d:\3.1\opengl\курсач\scene\scene\scene.cpp(229): warning C4305: аргумент: усечение из "double" в "GLfloat"
d:\3.1\opengl\курсач\scene\scene\scene.cpp(233): warning C4305: аргумент: усечение из "double" в "GLfloat"
d:\3.1\opengl\курсач\scene\scene\scene.cpp(235): warning C4305: аргумент: усечение из "double" в "GLfloat"
d:\3.1\opengl\курсач\scene\scene\scene.cpp(237): warning C4305: аргумент: усечение из "double" в "GLfloat"
d:\3.1\opengl\курсач\scene\scene\scene.cpp(249): warning C4305: аргумент: усечение из "double" в "GLfloat"
d:\3.1\opengl\курсач\scene\scene\scene.cpp(251): warning C4305: аргумент: усечение из "double" в "GLfloat"
d:\3.1\opengl\курсач\scene\scene\scene.cpp(253): warning C4305: аргумент: усечение из "double" в "GLfloat"
d:\3.1\opengl\курсач\scene\scene\scene.cpp(255): warning C4305: аргумент: усечение из "double" в "GLfloat"
d:\3.1\opengl\курсач\scene\scene\scene.cpp(260): warning C4305: аргумент: усечение из "double" в "GLfloat"
d:\3.1\opengl\курсач\scene\scene\scene.cpp(274): warning C4305: аргумент: усечение из "double" в "GLfloat"
d:\3.1\opengl\курсач\scene\scene\scene.cpp(296): warning C4305: аргумент: усечение из "double" в "GLfloat"
d:\3.1\opengl\курсач\scene\scene\scene.cpp(313): warning C4305: аргумент: усечение из "double" в "GLfloat"
d:\3.1\opengl\курсач\scene\scene\scene.cpp(315): warning C4305: аргумент: усечение из "double" в "GLfloat"
d:\3.1\opengl\курсач\scene\scene\scene.cpp(317): warning C4305: аргумент: усечение из "double" в "GLfloat"
d:\3.1\opengl\курсач\scene\scene\scene.cpp(319): warning C4305: аргумент: усечение из "double" в "GLfloat"
d:\3.1\opengl\курсач\scene\scene\scene.cpp(323): warning C4305: аргумент: усечение из "double" в "GLfloat"
d:\3.1\opengl\курсач\scene\scene\scene.cpp(325): warning C4305: аргумент: усечение из "double" в "GLfloat"
d:\3.1\opengl\курсач\scene\scene\scene.cpp(327): warning C4305: аргумент: усечение из "double" в "GLfloat"
d:\3.1\opengl\курсач\scene\scene\scene.cpp(329): warning C4305: аргумент: усечение из "double" в "GLfloat"
d:\3.1\opengl\курсач\scene\scene\scene.cpp(333): warning C4305: аргумент: усечение из "double" в "GLfloat"
d:\3.1\opengl\курсач\scene\scene\scene.cpp(335): warning C4305: аргумент: усечение из "double" в "GLfloat"
d:\3.1\opengl\курсач\scene\scene\scene.cpp(337): warning C4305: аргумент: усечение из "double" в "GLfloat"
d:\3.1\opengl\курсач\scene\scene\scene.cpp(339): warning C4305: аргумент: усечение из "double" в "GLfloat"
d:\3.1\opengl\курсач\scene\scene\scene.cpp(343): warning C4305: аргумент: усечение из "double" в "GLfloat"
d:\3.1\opengl\курсач\scene\scene\scene.cpp(345): warning C4305: аргумент: усечение из "double" в "GLfloat"
d:\3.1\opengl\курсач\scene\scene\scene.cpp(347): warning C4305: аргумент: усечение из "double" в "GLfloat"
d:\3.1\opengl\курсач\scene\scene\scene.cpp(349): warning C4305: аргумент: усечение из "double" в "GLfloat"
d:\3.1\opengl\курсач\scene\scene\scene.cpp(353): warning C4305: аргумент: усечение из "double" в "GLfloat"
d:\3.1\opengl\курсач\scene\scene\scene.cpp(355): warning C4305: аргумент: усечение из "double" в "GLfloat"
d:\3.1\opengl\курсач\scene\scene\scene.cpp(357): warning C4305: аргумент: усечение из "double" в "GLfloat"
d:\3.1\opengl\курсач\scene\scene\scene.cpp(359): warning C4305: аргумент: усечение из "double" в "GLfloat"
d:\3.1\opengl\курсач\scene\scene\scene.cpp(363): warning C4305: аргумент: усечение из "double" в "GLfloat"
d:\3.1\opengl\курсач\scene\scene\scene.cpp(365): warning C4305: аргумент: усечение из "double" в "GLfloat"
d:\3.1\opengl\курсач\scene\scene\scene.cpp(367): warning C4305: аргумент: усечение из "double" в "GLfloat"
d:\3.1\opengl\курсач\scene\scene\scene.cpp(369): warning C4305: аргумент: усечение из "double" в "GLfloat"
d:\3.1\opengl\курсач\scene\scene\scene.cpp(397): warning C4305: аргумент: усечение из "double" в "GLfloat"
d:\3.1\opengl\курсач\scene\scene\scene.cpp(399): warning C4305: инициализация: усечение из "double" в "GLfloat"
d:\3.1\opengl\курсач\scene\scene\scene.cpp(405): warning C4305: аргумент: усечение из "double" в "GLfloat"
soil.lib(image_DXT.obj) : warning LNK4099: "SOIL.pdb" PDB не найден с "soil.lib(image_DXT.obj)" или на "D:\3.1\OpenGL\курсач\Scene\Debug\SOIL.pdb"; компоновка объекта выполняется как при отсутствии отладочных данных
soil.lib(image_helper.obj) : warning LNK4099: "SOIL.pdb" PDB не найден с "soil.lib(image_helper.obj)" или на "D:\3.1\OpenGL\курсач\Scene\Debug\SOIL.pdb"; компоновка объекта выполняется как при отсутствии отладочных данных
soil.lib(SOIL.obj) : warning LNK4099: "SOIL.pdb" PDB не найден с "soil.lib(SOIL.obj)" или на "D:\3.1\OpenGL\курсач\Scene\Debug\SOIL.pdb"; компоновка объекта выполняется как при отсутствии отладочных данных
soil.lib(stb_image_aug.obj) : warning LNK4099: "SOIL.pdb" PDB не найден с "soil.lib(stb_image_aug.obj)" или на "D:\3.1\OpenGL\курсач\Scene\Debug\SOIL.pdb"; компоновка объекта выполняется как при отсутствии отладочных данных
  Scene.vcxproj -> D:\3.1\OpenGL\курсач\Scene\Debug\Scene.exe
